21                             27                            
G0241                          G0241                         
G0482                          G0482                         
G0964                          G0964                         
LG0000                         LG0000                        
TG0000                         TG00000 TG00001               
G0241_LG0000_i00               G0241_LG0000i00               
G0241_TG0000_i00               G0241_TG00000i00 G0241_TG00001i00
G0482_G0482_i00                G0482_G0482i00                
G0482_LG0000_i00               G0482_LG0000i00               
G0482_TG0000_i00               G0482_TG00000i00              
G0964_LG0000_i00               G0964_LG0000i00               
G0964_TG0000_i00               G0964_TG00000i00 G0964_TG00001i00
G0964_G0964_i00                G0964_G0964i00                
G0964_LG0000_i01               G0964_LG0000i01               
G0964_TG0000_i01               G0964_TG00001i01              
G0964_G0964_LG0000_i00         G0964_G0964_LG0000i00         
G0964_G0964_TG0000_i00         G0964_G0964_TG00000i00 G0964_G0964_TG00001i00
G0964_LG0000_LG0000_i00        G0964_LG0000_LG0000i00        
G0964_LG0000_TG0000_i00        G0964_LG0000_TG00000i00 G0964_LG0000_TG00001i00
G0964_LG0000_TG0000_i01        G0964_LG0000_TG00001i01       
G0964_TG0000_TG0000_i00        G0964_TG00001_TG00000i00 G0964_TG00001_TG00001i00
